\BOOKMARK [1][-]{section.1}{约定}{}% 1
\BOOKMARK [2][-]{subsection.1.1}{mp,n,m}{section.1}% 2
\BOOKMARK [2][-]{subsection.1.2}{dp}{section.1}% 3
\BOOKMARK [2][-]{subsection.1.3}{k阶子式}{section.1}% 4
\BOOKMARK [1][-]{section.2}{程序控制}{}% 5
\BOOKMARK [1][-]{section.3}{c++生成二维正态分布}{}% 6
\BOOKMARK [1][-]{section.4}{已知 \173Manhattan\(, \)K\175分布}{}% 7
\BOOKMARK [2][-]{subsection.4.1}{贪心法}{section.4}% 8
\BOOKMARK [2][-]{subsection.4.2}{猜图策略}{section.4}% 9
\BOOKMARK [3][-]{subsubsection.4.2.1}{c的选取}{subsection.4.2}% 10
\BOOKMARK [3][-]{subsubsection.4.2.2}{特点}{subsection.4.2}% 11
\BOOKMARK [1][-]{section.5}{缺失 c%分布}{}% 12
\BOOKMARK [2][-]{subsection.5.1}{朴素情况}{section.5}% 13
\BOOKMARK [2][-]{subsection.5.2}{图像推断的思想}{section.5}% 14
\BOOKMARK [3][-]{subsubsection.5.2.1}{卷积方式}{subsection.5.2}% 15
\BOOKMARK [3][-]{subsubsection.5.2.2}{常滤波}{subsection.5.2}% 16
\BOOKMARK [3][-]{subsubsection.5.2.3}{均值滤波}{subsection.5.2}% 17
\BOOKMARK [3][-]{subsubsection.5.2.4}{高斯滤波}{subsection.5.2}% 18
\BOOKMARK [3][-]{subsubsection.5.2.5}{中值滤波}{subsection.5.2}% 19
\BOOKMARK [2][-]{subsection.5.3}{模糊化不影响判断}{section.5}% 20
\BOOKMARK [2][-]{subsection.5.4}{价值集中程度对滤波估计的影响}{section.5}% 21
\BOOKMARK [2][-]{subsection.5.5}{地图规模对滤波估计的影响}{section.5}% 22
\BOOKMARK [3][-]{subsubsection.5.5.1}{对Kgauss,Kave的进一步测试}{subsection.5.5}% 23
\BOOKMARK [1][-]{section.6}{总结}{}% 24
